<?xml version="1.0" encoding="UTF-8"?>
<testng-results skipped="0" failed="0" ignored="0" total="2" passed="2">
  <reporter-output>
  </reporter-output>
  <suite name="Command line suite" duration-ms="95" started-at="2021-08-02T22:32:19 CEST" finished-at="2021-08-02T22:32:19 CEST">
    <groups>
    </groups>
    <test name="Command line test" duration-ms="95" started-at="2021-08-02T22:32:19 CEST" finished-at="2021-08-02T22:32:19 CEST">
      <class name="Allaince.Propertylines.SeleniumNegativeTest">
        <test-method status="PASS" signature="Next()[pri:0, instance:Allaince.Propertylines.SeleniumNegativeTest@77caeb3e]" name="Next" duration-ms="8" started-at="2021-08-02T22:32:19 CEST" finished-at="2021-08-02T22:32:19 CEST">
          <reporter-output>
          </reporter-output>
        </test-method> <!-- Next -->
      </class> <!-- Allaince.Propertylines.SeleniumNegativeTest -->
      <class name="Allaince.Propertylines.SeleniumTest">
        <test-method status="PASS" signature="myFirstTest()[pri:0, instance:Allaince.Propertylines.SeleniumTest@1e88b3c]" name="myFirstTest" duration-ms="1" started-at="2021-08-02T22:32:19 CEST" finished-at="2021-08-02T22:32:19 CEST">
          <reporter-output>
          </reporter-output>
        </test-method> <!-- myFirstTest -->
      </class> <!-- Allaince.Propertylines.SeleniumTest -->
    </test> <!-- Command line test -->
  </suite> <!-- Command line suite -->
</testng-results>
