<?xml version="1.0" encoding="UTF-8"?>
<testng-results ignored="0" total="1" passed="1" failed="0" skipped="0">
  <reporter-output>
  </reporter-output>
  <suite started-at="2021-08-02T17:15:53 CEST" name="Suite" finished-at="2021-08-02T17:15:54 CEST" duration-ms="89">
    <groups>
    </groups>
    <test started-at="2021-08-02T17:15:53 CEST" name="Test" finished-at="2021-08-02T17:15:54 CEST" duration-ms="89">
      <class name="Allaince.Propertylines.SeleniumTest">
        <test-method signature="myFirstTest()[pri:0, instance:Allaince.Propertylines.SeleniumTest@3315d2d7]" started-at="2021-08-02T17:15:54 CEST" name="myFirstTest" finished-at="2021-08-02T17:15:54 CEST" duration-ms="16" status="PASS">
          <reporter-output>
          </reporter-output>
        </test-method> <!-- myFirstTest -->
      </class> <!-- Allaince.Propertylines.SeleniumTest -->
    </test> <!-- Test -->
  </suite> <!-- Suite -->
</testng-results>
